<?xml version="1.0" encoding="UTF-8"?>
<!-- Generated by org.testng.reporters.JUnitReportReporter -->
<testsuite skipped="1" hostname="DESKTOP-P2RM02V" name="Test_data" tests="1" failures="0" timestamp="22 Feb 2021 16:41:23 GMT" time="0.000" errors="0">
  <testcase name="SampleData" time="0.000" classname="Test_data">
    <skipped/>
  </testcase> <!-- SampleData -->
</testsuite> <!-- Test_data -->
