<?xml version="1.0" encoding="UTF-8"?>
<!-- Generated by org.testng.reporters.JUnitReportReporter -->
<testsuite skipped="0" hostname="DESKTOP-P2RM02V" name="organization.TC_6" tests="1" failures="0" timestamp="25 Feb 2021 15:40:58 GMT" time="29.435" errors="0">
  <testcase name="executed" time="29.435" classname="organization.TC_6"/>
</testsuite> <!-- organization.TC_6 -->
