<?xml version="1.0" encoding="UTF-8"?>
<!-- Generated by org.testng.reporters.JUnitReportReporter -->
<testsuite skipped="0" hostname="DESKTOP-P2RM02V" name="com.crm.vtiger.test.TC_9" tests="1" failures="0" timestamp="28 Feb 2021 17:29:15 GMT" time="22.710" errors="0">
  <testcase name="erase" time="22.710" classname="com.crm.vtiger.test.TC_9"/>
</testsuite> <!-- com.crm.vtiger.test.TC_9 -->
