<?xml version="1.0" encoding="UTF-8"?>
<!-- Generated by org.testng.reporters.JUnitReportReporter -->
<testsuite skipped="0" hostname="DESKTOP-P2RM02V" name="organization.TC_13" tests="1" failures="0" timestamp="25 Feb 2021 12:02:42 GMT" time="12.230" errors="0">
  <testcase name="rating" time="12.230" classname="organization.TC_13"/>
</testsuite> <!-- organization.TC_13 -->
