<?xml version="1.0" encoding="UTF-8"?>
<!-- Generated by org.testng.reporters.JUnitReportReporter -->
<testsuite skipped="2" hostname="DESKTOP-P2RM02V" name="com.crm.vtiger.test.CreateOrgaNameCheckForEnable_9" tests="2" failures="0" timestamp="11 Mar 2021 09:50:37 GMT" time="0.003" errors="0">
  <testcase name="erase" time="0.000" classname="com.crm.vtiger.test.CreateOrgaNameCheckForEnable_9">
    <skipped/>
  </testcase> <!-- erase -->
  <testcase name="erase" time="0.003" classname="com.crm.vtiger.test.CreateOrgaNameCheckForEnable_9">
    <skipped/>
  </testcase> <!-- erase -->
</testsuite> <!-- com.crm.vtiger.test.CreateOrgaNameCheckForEnable_9 -->
