<?xml version="1.0" encoding="UTF-8"?>
<!-- Generated by org.testng.reporters.JUnitReportReporter -->
<testsuite skipped="0" hostname="DESKTOP-P2RM02V" name="utils.Drop_down" tests="1" failures="0" timestamp="23 Feb 2021 07:11:39 GMT" time="21.724" errors="0">
  <testcase name="CalenderwinDowTest" time="21.724" classname="utils.Drop_down"/>
</testsuite> <!-- utils.Drop_down -->
