<?xml version="1.0" encoding="UTF-8"?>
<!-- Generated by org.testng.reporters.JUnitReportReporter -->
<testsuite skipped="0" hostname="DESKTOP-P2RM02V" name="com.crm.vtiger.test.Connect" tests="1" failures="0" timestamp="25 Mar 2021 07:04:04 GMT" time="13.004" errors="0">
  <testcase name="contactcreate" time="13.004" classname="com.crm.vtiger.test.Connect"/>
</testsuite> <!-- com.crm.vtiger.test.Connect -->
