<?xml version="1.0" encoding="UTF-8"?>
<!-- Generated by org.testng.reporters.JUnitReportReporter -->
<testsuite skipped="0" hostname="DESKTOP-P2RM02V" name="organization.Tc_7" tests="1" failures="0" timestamp="25 Feb 2021 09:10:22 GMT" time="22.293" errors="0">
  <testcase name="erase" time="22.293" classname="organization.Tc_7"/>
</testsuite> <!-- organization.Tc_7 -->
