<?xml version="1.0" encoding="UTF-8"?>
<!-- Generated by org.testng.reporters.JUnitReportReporter -->
<testsuite skipped="0" hostname="DESKTOP-P2RM02V" name="organization.Tc_8" tests="1" failures="0" timestamp="25 Feb 2021 10:00:02 GMT" time="19.911" errors="0">
  <testcase name="erase" time="19.911" classname="organization.Tc_8"/>
</testsuite> <!-- organization.Tc_8 -->
