<?xml version="1.0" encoding="UTF-8"?>
<!-- Generated by org.testng.reporters.JUnitReportReporter -->
<testsuite skipped="0" hostname="DESKTOP-P2RM02V" name="organization.TC_9" tests="1" failures="0" timestamp="25 Feb 2021 13:32:41 GMT" time="13.147" errors="0">
  <testcase name="erase" time="13.147" classname="organization.TC_9"/>
</testsuite> <!-- organization.TC_9 -->
