<?xml version="1.0" encoding="UTF-8"?>
<!-- Generated by org.testng.reporters.JUnitReportReporter -->
<testsuite skipped="0" hostname="DESKTOP-P2RM02V" name="com.crm.vtiger.test.Tc_8" tests="1" failures="0" timestamp="28 Feb 2021 13:56:37 GMT" time="16.386" errors="0">
  <testcase name="erase" time="16.386" classname="com.crm.vtiger.test.Tc_8"/>
</testsuite> <!-- com.crm.vtiger.test.Tc_8 -->
