<?xml version="1.0" encoding="UTF-8"?>
<!-- Generated by org.testng.reporters.JUnitReportReporter -->
<testsuite skipped="0" hostname="DESKTOP-P2RM02V" name="utils.Property" tests="1" failures="0" timestamp="24 Feb 2021 08:03:28 GMT" time="9.011" errors="0">
  <testcase name="adddata" time="9.011" classname="utils.Property"/>
</testsuite> <!-- utils.Property -->
