<?xml version="1.0" encoding="UTF-8"?>
<!-- Generated by org.testng.reporters.JUnitReportReporter -->
<testsuite skipped="0" hostname="DESKTOP-P2RM02V" name="com.crm.vtiger.test.TC_13" tests="1" failures="0" timestamp="27 Feb 2021 13:59:42 GMT" time="13.206" errors="0">
  <testcase name="rating" time="13.206" classname="com.crm.vtiger.test.TC_13"/>
</testsuite> <!-- com.crm.vtiger.test.TC_13 -->
