<?xml version="1.0" encoding="UTF-8"?>
<!-- Generated by org.testng.reporters.JUnitReportReporter -->
<testsuite skipped="0" hostname="DESKTOP-P2RM02V" name="utils.Rapid" tests="1" failures="0" timestamp="24 Feb 2021 04:47:48 GMT" time="18.681" errors="0">
  <testcase name="Adddata" time="18.681" classname="utils.Rapid"/>
</testsuite> <!-- utils.Rapid -->
