<?xml version="1.0" encoding="UTF-8"?>
<!-- Generated by org.testng.reporters.JUnitReportReporter -->
<testsuite skipped="0" hostname="DESKTOP-P2RM02V" name="utils.Long_textbook" tests="1" failures="0" timestamp="23 Feb 2021 12:59:43 GMT" time="21.771" errors="0">
  <testcase name="radom" time="21.771" classname="utils.Long_textbook"/>
</testsuite> <!-- utils.Long_textbook -->
