<?xml version="1.0" encoding="UTF-8"?>
<!-- Generated by org.testng.reporters.JUnitReportReporter -->
<testsuite skipped="0" hostname="DESKTOP-P2RM02V" name="utils.Script_Webtable" tests="1" failures="0" timestamp="23 Feb 2021 10:50:54 GMT" time="16.942" errors="0">
  <testcase name="Organization" time="16.942" classname="utils.Script_Webtable"/>
</testsuite> <!-- utils.Script_Webtable -->
