<?xml version="1.0" encoding="UTF-8"?>
<!-- Generated by org.testng.reporters.JUnitReportReporter -->
<testsuite skipped="3" hostname="DESKTOP-P2RM02V" name="testq.skipdemo" tests="4" failures="0" timestamp="13 Feb 2021 23:22:31 GMT" time="0.015" errors="0">
  <testcase name="addtest" time="0.000" classname="testq.skipdemo">
    <skipped/>
  </testcase> <!-- addtest -->
  <testcase name="skipTest" time="0.000" classname="testq.skipdemo"/>
  <testcase name="addtest" time="0.015" classname="testq.skipdemo">
    <skipped/>
  </testcase> <!-- addtest -->
  <testcase name="addtest" time="0.000" classname="testq.skipdemo">
    <skipped/>
  </testcase> <!-- addtest -->
</testsuite> <!-- testq.skipdemo -->
