<?xml version="1.0" encoding="UTF-8"?>
<!-- Generated by org.testng.reporters.JUnitReportReporter -->
<testsuite skipped="0" hostname="DESKTOP-P2RM02V" name="testq.Tester" tests="2" failures="0" timestamp="13 Feb 2021 23:10:01 GMT" time="0.002" errors="0">
  <testcase name="test2" time="0.001" classname="testq.Tester"/>
  <testcase name="test1" time="0.001" classname="testq.Tester"/>
</testsuite> <!-- testq.Tester -->
