<?xml version="1.0" encoding="UTF-8"?>
<!-- Generated by org.testng.reporters.JUnitReportReporter -->
<testsuite skipped="0" hostname="DESKTOP-P2RM02V" name="com.crm.vtiger.test.CreateOrgaNameCheckForEnable_9" tests="1" failures="0" timestamp="2021-03-12T09:57:02 IST" time="8.445" errors="1">
  <testcase name="erase" time="8.445" classname="com.crm.vtiger.test.CreateOrgaNameCheckForEnable_9">
    <error type="java.lang.NoClassDefFoundError" message="Could not initialize class org.apache.poi.xssf.usermodel.XSSFWorkbookFactory">
      <![CDATA[java.lang.NoClassDefFoundError: Could not initialize class org.apache.poi.xssf.usermodel.XSSFWorkbookFactory
at sun.reflect.NativeMethodAccessorImpl.invoke0(Native Method)
at sun.reflect.NativeMethodAccessorImpl.invoke(NativeMethodAccessorImpl.java:62)
at sun.reflect.DelegatingMethodAccessorImpl.invoke(DelegatingMethodAccessorImpl.java:43)
at java.lang.reflect.Method.invoke(Method.java:498)
at org.apache.poi.ss.usermodel.WorkbookFactory.createWorkbook(WorkbookFactory.java:339)
at org.apache.poi.ss.usermodel.WorkbookFactory.createXSSFWorkbook(WorkbookFactory.java:314)
at org.apache.poi.ss.usermodel.WorkbookFactory.create(WorkbookFactory.java:232)
at org.apache.poi.ss.usermodel.WorkbookFactory.create(WorkbookFactory.java:198)
at com.crm.vtiger.genericutility.ExcelUtilities.getExceldata(ExcelUtilities.java:26)
at com.crm.vtiger.test.CreateOrgaNameCheckForEnable_9.erase(CreateOrgaNameCheckForEnable_9.java:25)
at sun.reflect.NativeMethodAccessorImpl.invoke0(Native Method)
at sun.reflect.NativeMethodAccessorImpl.invoke(NativeMethodAccessorImpl.java:62)
at sun.reflect.DelegatingMethodAccessorImpl.invoke(DelegatingMethodAccessorImpl.java:43)
at java.lang.reflect.Method.invoke(Method.java:498)
at org.testng.internal.MethodInvocationHelper.invokeMethod(MethodInvocationHelper.java:134)
at org.testng.internal.TestInvoker.invokeMethod(TestInvoker.java:597)
at org.testng.internal.TestInvoker.invokeTestMethod(TestInvoker.java:173)
at org.testng.internal.MethodRunner.runInSequence(MethodRunner.java:46)
at org.testng.internal.TestInvoker$MethodInvocationAgent.invoke(TestInvoker.java:816)
at org.testng.internal.TestInvoker.invokeTestMethods(TestInvoker.java:146)
at org.testng.internal.TestMethodWorker.invokeTestMethods(TestMethodWorker.java:146)
at org.testng.internal.TestMethodWorker.run(TestMethodWorker.java:128)
at java.util.ArrayList.forEach(ArrayList.java:1259)
at org.testng.TestRunner.privateRun(TestRunner.java:766)
at org.testng.TestRunner.run(TestRunner.java:587)
at org.testng.SuiteRunner.runTest(SuiteRunner.java:384)
at org.testng.SuiteRunner.access$000(SuiteRunner.java:28)
at org.testng.SuiteRunner$SuiteWorker.run(SuiteRunner.java:425)
at org.testng.internal.thread.ThreadUtil.lambda$execute$0(ThreadUtil.java:68)
at java.util.concurrent.FutureTask.run(FutureTask.java:266)
at java.util.concurrent.ThreadPoolExecutor.runWorker(ThreadPoolExecutor.java:1149)
at java.util.concurrent.ThreadPoolExecutor$Worker.run(ThreadPoolExecutor.java:624)
at java.lang.Thread.run(Thread.java:748)
]]>
    </error>
  </testcase> <!-- erase -->
  <system-out/>
</testsuite> <!-- com.crm.vtiger.test.CreateOrgaNameCheckForEnable_9 -->
